<?xml version="1.0" encoding="UTF-8"?>
<!-- Generated by org.testng.reporters.JUnitXMLReporter -->
<testsuite hostname="SANJAYKALT-03" name="Default test" tests="3" failures="0" timestamp="24 Sep 2017 16:41:11 GMT" time="0.033" errors="0">
  <testcase name="test1" time="0.016" classname="BusinessScenarios_Component.zoloPart1Test">
    <skipped/>
  </testcase> <!-- test1 -->
  <testcase name="test2" time="0.0" classname="BusinessScenarios_Component.zoloPart1Test">
    <skipped/>
  </testcase> <!-- test2 -->
  <testcase name="test3" time="0.0" classname="BusinessScenarios_Component.zoloPart1Test">
    <skipped/>
  </testcase> <!-- test3 -->
</testsuite> <!-- Default test -->
